<html>
<head>
<title>TestNG:  ChannelManagerTest</title>
<link href="../testng.css" rel="stylesheet" type="text/css" />
<link href="../my-testng.css" rel="stylesheet" type="text/css" />

<style type="text/css">
.log { display: none;} 
.stack-trace { display: none;} 
</style>
<script type="text/javascript">
<!--
function flip(e) {
  current = e.style.display;
  if (current == 'block') {
    e.style.display = 'none';
    return 0;
  }
  else {
    e.style.display = 'block';
    return 1;
  }
}

function toggleBox(szDivId, elem, msg1, msg2)
{
  var res = -1;  if (document.getElementById) {
    res = flip(document.getElementById(szDivId));
  }
  else if (document.all) {
    // this is the way old msie versions work
    res = flip(document.all[szDivId]);
  }
  if(elem) {
    if(res == 0) elem.innerHTML = msg1; else elem.innerHTML = msg2;
  }

}

function toggleAllBoxes() {
  if (document.getElementsByTagName) {
    d = document.getElementsByTagName('div');
    for (i = 0; i < d.length; i++) {
      if (d[i].className == 'log') {
        flip(d[i]);
      }
    }
  }
}

// -->
</script>

</head>
<body>
<h2 align='center'>ChannelManagerTest</h2><table border='1' align="center">
<tr>
<<<<<<< HEAD
<td>Tests passed/Failed/Skipped:</td><td>15/2/0</td>
=======
<td>Tests passed/Failed/Skipped:</td><td>11/11/0</td>
>>>>>>> branch 'master' of https://github.com/dinhotelogix/ChannelAutomation.git
</tr><tr>
<<<<<<< HEAD
<td>Started on:</td><td>Thu Aug 10 14:39:06 IST 2017</td>
=======
<td>Started on:</td><td>Wed Aug 09 14:46:17 IST 2017</td>
>>>>>>> branch 'master' of https://github.com/dinhotelogix/ChannelAutomation.git
</tr>
<<<<<<< HEAD
<tr><td>Total time:</td><td>1150 seconds (1150001 ms)</td>
=======
<tr><td>Total time:</td><td>650 seconds (650912 ms)</td>
>>>>>>> branch 'master' of https://github.com/dinhotelogix/ChannelAutomation.git
</tr><tr>
<<<<<<< HEAD
<td>Included groups:</td><td>Smoke </td>
=======
<td>Included groups:</td><td>BR </td>
>>>>>>> branch 'master' of https://github.com/dinhotelogix/ChannelAutomation.git
</tr><tr>
<td>Excluded groups:</td><td></td>
</tr>
</table><p/>
<small><i>(Hover the method name to see the test class name)</i></small><p/>
<table width='100%' border='1' class='invocation-failed'>
<tr><td colspan='4' align='center'><b>FAILED TESTS</b></td></tr>
<tr><td><b>Test method</b></td>
<td width="30%"><b>Exception</b></td>
<td width="10%"><b>Time (seconds)</b></td>
<td><b>Instance</b></td>
</tr>
<tr>
<<<<<<< HEAD
<td title='ChannelAutomation.Admin.Test.AdminLoginTest.SendRulesonChannel_TC_8()'><b>SendRulesonChannel_TC_8</b><br>Test class: ChannelAutomation.Admin.Test.AdminLoginTest</td>
<td><div><pre>java.lang.AssertionError: expected [true] but found [false]
	at ChannelAutomation.Admin.VB.ManageAllotmentsPage.sendRestrictions(ManageAllotmentsPage.java:345)
	at ChannelAutomation.Admin.Test.AdminLoginTest.SendRulesonChannel_TC_8(AdminLoginTest.java:153)
... Removed 28 stack frames</pre></div><a href='#' onClick='toggleBox("stack-trace2101636817", this, "Click to show all stack frames", "Click to hide stack frames")'>Click to show all stack frames</a>
<div class='stack-trace' id='stack-trace2101636817'><pre>java.lang.AssertionError: expected [true] but found [false]
	at org.testng.Assert.fail(Assert.java:94)
	at org.testng.Assert.failNotEquals(Assert.java:513)
	at org.testng.Assert.assertTrue(Assert.java:42)
	at org.testng.Assert.assertTrue(Assert.java:52)
	at ChannelAutomation.Admin.VB.ManageAllotmentsPage.sendRestrictions(ManageAllotmentsPage.java:345)
	at ChannelAutomation.Admin.Test.AdminLoginTest.SendRulesonChannel_TC_8(AdminLoginTest.java:153)
	at sun.reflect.NativeMethodAccessorImpl.invoke0(Native Method)
	at sun.reflect.NativeMethodAccessorImpl.invoke(Unknown Source)
	at sun.reflect.DelegatingMethodAccessorImpl.invoke(Unknown Source)
	at java.lang.reflect.Method.invoke(Unknown Source)
	at org.testng.internal.MethodInvocationHelper.invokeMethod(MethodInvocationHelper.java:86)
	at org.testng.internal.Invoker.invokeMethod(Invoker.java:643)
	at org.testng.internal.Invoker.invokeTestMethod(Invoker.java:820)
	at org.testng.internal.Invoker.invokeTestMethods(Invoker.java:1128)
	at org.testng.internal.TestMethodWorker.invokeTestMethods(TestMethodWorker.java:129)
	at org.testng.internal.TestMethodWorker.run(TestMethodWorker.java:112)
	at org.testng.TestRunner.privateRun(TestRunner.java:782)
	at org.testng.TestRunner.run(TestRunner.java:632)
	at org.testng.SuiteRunner.runTest(SuiteRunner.java:366)
	at org.testng.SuiteRunner.runSequentially(SuiteRunner.java:361)
	at org.testng.SuiteRunner.privateRun(SuiteRunner.java:319)
	at org.testng.SuiteRunner.run(SuiteRunner.java:268)
	at org.testng.SuiteRunnerWorker.runSuite(SuiteRunnerWorker.java:52)
	at org.testng.SuiteRunnerWorker.run(SuiteRunnerWorker.java:86)
	at org.testng.TestNG.runSuitesSequentially(TestNG.java:1244)
	at org.testng.TestNG.runSuitesLocally(TestNG.java:1169)
	at org.testng.TestNG.run(TestNG.java:1064)
	at org.testng.remote.AbstractRemoteTestNG.run(AbstractRemoteTestNG.java:132)
	at org.testng.remote.RemoteTestNG.initAndRun(RemoteTestNG.java:230)
	at org.testng.remote.RemoteTestNG.main(RemoteTestNG.java:76)
</pre></div></td>
<td>370</td>
<td>ChannelAutomation.Admin.Test.AdminLoginTest@6a4f787b</td></tr>
<tr>
<td title='ChannelAutomation.Admin.Test.AdminLoginTest.sendRatesOnChannel_TC_14()'><b>sendRatesOnChannel_TC_14</b><br>Test class: ChannelAutomation.Admin.Test.AdminLoginTest</td>
<td><div><pre>java.lang.AssertionError: expected [true] but found [false]
	at ChannelAutomation.Admin.VB.VerifyRatesOnChannel.verifyrates(VerifyRatesOnChannel.java:128)
	at ChannelAutomation.Admin.Test.AdminLoginTest.sendRatesOnChannel_TC_14(AdminLoginTest.java:242)
... Removed 28 stack frames</pre></div><a href='#' onClick='toggleBox("stack-trace1424482154", this, "Click to show all stack frames", "Click to hide stack frames")'>Click to show all stack frames</a>
<div class='stack-trace' id='stack-trace1424482154'><pre>java.lang.AssertionError: expected [true] but found [false]
	at org.testng.Assert.fail(Assert.java:94)
	at org.testng.Assert.failNotEquals(Assert.java:513)
	at org.testng.Assert.assertTrue(Assert.java:42)
	at org.testng.Assert.assertTrue(Assert.java:52)
	at ChannelAutomation.Admin.VB.VerifyRatesOnChannel.verifyrates(VerifyRatesOnChannel.java:128)
	at ChannelAutomation.Admin.Test.AdminLoginTest.sendRatesOnChannel_TC_14(AdminLoginTest.java:242)
	at sun.reflect.NativeMethodAccessorImpl.invoke0(Native Method)
	at sun.reflect.NativeMethodAccessorImpl.invoke(Unknown Source)
	at sun.reflect.DelegatingMethodAccessorImpl.invoke(Unknown Source)
	at java.lang.reflect.Method.invoke(Unknown Source)
	at org.testng.internal.MethodInvocationHelper.invokeMethod(MethodInvocationHelper.java:86)
	at org.testng.internal.Invoker.invokeMethod(Invoker.java:643)
	at org.testng.internal.Invoker.invokeTestMethod(Invoker.java:820)
	at org.testng.internal.Invoker.invokeTestMethods(Invoker.java:1128)
	at org.testng.internal.TestMethodWorker.invokeTestMethods(TestMethodWorker.java:129)
	at org.testng.internal.TestMethodWorker.run(TestMethodWorker.java:112)
	at org.testng.TestRunner.privateRun(TestRunner.java:782)
	at org.testng.TestRunner.run(TestRunner.java:632)
	at org.testng.SuiteRunner.runTest(SuiteRunner.java:366)
	at org.testng.SuiteRunner.runSequentially(SuiteRunner.java:361)
	at org.testng.SuiteRunner.privateRun(SuiteRunner.java:319)
	at org.testng.SuiteRunner.run(SuiteRunner.java:268)
	at org.testng.SuiteRunnerWorker.runSuite(SuiteRunnerWorker.java:52)
	at org.testng.SuiteRunnerWorker.run(SuiteRunnerWorker.java:86)
	at org.testng.TestNG.runSuitesSequentially(TestNG.java:1244)
	at org.testng.TestNG.runSuitesLocally(TestNG.java:1169)
	at org.testng.TestNG.run(TestNG.java:1064)
	at org.testng.remote.AbstractRemoteTestNG.run(AbstractRemoteTestNG.java:132)
	at org.testng.remote.RemoteTestNG.initAndRun(RemoteTestNG.java:230)
	at org.testng.remote.RemoteTestNG.main(RemoteTestNG.java:76)
</pre></div></td>
<td>553</td>
=======
<td title='ChannelAutomation.Admin.Test.AdminLoginTest.CaptureAllotment_TC_17()'><b>CaptureAllotment_TC_17</b><br>Test class: ChannelAutomation.Admin.Test.AdminLoginTest</td>
<td><div><pre>java.lang.AssertionError: expected [true] but found [false]
	at ChannelAutomation.Admin.VB.ListOfOtherGDSPage.clickManageAllotments(ListOfOtherGDSPage.java:39)
	at ChannelAutomation.Admin.Test.AdminLoginTest.CaptureAllotment_TC_17(AdminLoginTest.java:302)
... Removed 28 stack frames</pre></div><a href='#' onClick='toggleBox("stack-trace651100072", this, "Click to show all stack frames", "Click to hide stack frames")'>Click to show all stack frames</a>
<div class='stack-trace' id='stack-trace651100072'><pre>java.lang.AssertionError: expected [true] but found [false]
	at org.testng.Assert.fail(Assert.java:94)
	at org.testng.Assert.failNotEquals(Assert.java:513)
	at org.testng.Assert.assertTrue(Assert.java:42)
	at org.testng.Assert.assertTrue(Assert.java:52)
	at ChannelAutomation.Admin.VB.ListOfOtherGDSPage.clickManageAllotments(ListOfOtherGDSPage.java:39)
	at ChannelAutomation.Admin.Test.AdminLoginTest.CaptureAllotment_TC_17(AdminLoginTest.java:302)
	at sun.reflect.NativeMethodAccessorImpl.invoke0(Native Method)
	at sun.reflect.NativeMethodAccessorImpl.invoke(Unknown Source)
	at sun.reflect.DelegatingMethodAccessorImpl.invoke(Unknown Source)
	at java.lang.reflect.Method.invoke(Unknown Source)
	at org.testng.internal.MethodInvocationHelper.invokeMethod(MethodInvocationHelper.java:86)
	at org.testng.internal.Invoker.invokeMethod(Invoker.java:643)
	at org.testng.internal.Invoker.invokeTestMethod(Invoker.java:820)
	at org.testng.internal.Invoker.invokeTestMethods(Invoker.java:1128)
	at org.testng.internal.TestMethodWorker.invokeTestMethods(TestMethodWorker.java:129)
	at org.testng.internal.TestMethodWorker.run(TestMethodWorker.java:112)
	at org.testng.TestRunner.privateRun(TestRunner.java:782)
	at org.testng.TestRunner.run(TestRunner.java:632)
	at org.testng.SuiteRunner.runTest(SuiteRunner.java:366)
	at org.testng.SuiteRunner.runSequentially(SuiteRunner.java:361)
	at org.testng.SuiteRunner.privateRun(SuiteRunner.java:319)
	at org.testng.SuiteRunner.run(SuiteRunner.java:268)
	at org.testng.SuiteRunnerWorker.runSuite(SuiteRunnerWorker.java:52)
	at org.testng.SuiteRunnerWorker.run(SuiteRunnerWorker.java:86)
	at org.testng.TestNG.runSuitesSequentially(TestNG.java:1244)
	at org.testng.TestNG.runSuitesLocally(TestNG.java:1169)
	at org.testng.TestNG.run(TestNG.java:1064)
	at org.testng.remote.AbstractRemoteTestNG.run(AbstractRemoteTestNG.java:132)
	at org.testng.remote.RemoteTestNG.initAndRun(RemoteTestNG.java:230)
	at org.testng.remote.RemoteTestNG.main(RemoteTestNG.java:76)
</pre></div></td>
<td>4</td>
<td>ChannelAutomation.Admin.Test.AdminLoginTest@6a4f787b</td></tr>
<tr>
<td title='ChannelAutomation.Admin.Test.AdminLoginTest.LoginOnFrontdeskFromAdminConsole_TC_20()'><b>LoginOnFrontdeskFromAdminConsole_TC_20</b><br>Test class: ChannelAutomation.Admin.Test.AdminLoginTest</td>
<td><div><pre>java.lang.AssertionError: expected [true] but found [false]
	at ChannelAutomation.Frontdesk.TapeChart.FrontdeskHomePage.clickCancel(FrontdeskHomePage.java:43)
	at ChannelAutomation.Admin.Test.AdminLoginTest.LoginOnFrontdeskFromAdminConsole_TC_20(AdminLoginTest.java:369)
... Removed 28 stack frames</pre></div><a href='#' onClick='toggleBox("stack-trace1681303515", this, "Click to show all stack frames", "Click to hide stack frames")'>Click to show all stack frames</a>
<div class='stack-trace' id='stack-trace1681303515'><pre>java.lang.AssertionError: expected [true] but found [false]
	at org.testng.Assert.fail(Assert.java:94)
	at org.testng.Assert.failNotEquals(Assert.java:513)
	at org.testng.Assert.assertTrue(Assert.java:42)
	at org.testng.Assert.assertTrue(Assert.java:52)
	at ChannelAutomation.Frontdesk.TapeChart.FrontdeskHomePage.clickCancel(FrontdeskHomePage.java:43)
	at ChannelAutomation.Admin.Test.AdminLoginTest.LoginOnFrontdeskFromAdminConsole_TC_20(AdminLoginTest.java:369)
	at sun.reflect.NativeMethodAccessorImpl.invoke0(Native Method)
	at sun.reflect.NativeMethodAccessorImpl.invoke(Unknown Source)
	at sun.reflect.DelegatingMethodAccessorImpl.invoke(Unknown Source)
	at java.lang.reflect.Method.invoke(Unknown Source)
	at org.testng.internal.MethodInvocationHelper.invokeMethod(MethodInvocationHelper.java:86)
	at org.testng.internal.Invoker.invokeMethod(Invoker.java:643)
	at org.testng.internal.Invoker.invokeTestMethod(Invoker.java:820)
	at org.testng.internal.Invoker.invokeTestMethods(Invoker.java:1128)
	at org.testng.internal.TestMethodWorker.invokeTestMethods(TestMethodWorker.java:129)
	at org.testng.internal.TestMethodWorker.run(TestMethodWorker.java:112)
	at org.testng.TestRunner.privateRun(TestRunner.java:782)
	at org.testng.TestRunner.run(TestRunner.java:632)
	at org.testng.SuiteRunner.runTest(SuiteRunner.java:366)
	at org.testng.SuiteRunner.runSequentially(SuiteRunner.java:361)
	at org.testng.SuiteRunner.privateRun(SuiteRunner.java:319)
	at org.testng.SuiteRunner.run(SuiteRunner.java:268)
	at org.testng.SuiteRunnerWorker.runSuite(SuiteRunnerWorker.java:52)
	at org.testng.SuiteRunnerWorker.run(SuiteRunnerWorker.java:86)
	at org.testng.TestNG.runSuitesSequentially(TestNG.java:1244)
	at org.testng.TestNG.runSuitesLocally(TestNG.java:1169)
	at org.testng.TestNG.run(TestNG.java:1064)
	at org.testng.remote.AbstractRemoteTestNG.run(AbstractRemoteTestNG.java:132)
	at org.testng.remote.RemoteTestNG.initAndRun(RemoteTestNG.java:230)
	at org.testng.remote.RemoteTestNG.main(RemoteTestNG.java:76)
</pre></div></td>
<td>7</td>
<td>ChannelAutomation.Admin.Test.AdminLoginTest@6a4f787b</td></tr>
<tr>
<td title='ChannelAutomation.Admin.Test.AdminLoginTest.LogoutFrotdeskBackToAdminWindow_TC_22()'><b>LogoutFrotdeskBackToAdminWindow_TC_22</b><br>Test class: ChannelAutomation.Admin.Test.AdminLoginTest</td>
<td><div><pre>java.lang.AssertionError: expected [true] but found [false]
	at ChannelAutomation.Frontdesk.Login.FrontdeskLoginPage.SwitchBackToAdminWindow(FrontdeskLoginPage.java:20)
	at ChannelAutomation.Admin.Test.AdminLoginTest.LogoutFrotdeskBackToAdminWindow_TC_22(AdminLoginTest.java:406)
... Removed 28 stack frames</pre></div><a href='#' onClick='toggleBox("stack-trace790487766", this, "Click to show all stack frames", "Click to hide stack frames")'>Click to show all stack frames</a>
<div class='stack-trace' id='stack-trace790487766'><pre>java.lang.AssertionError: expected [true] but found [false]
	at org.testng.Assert.fail(Assert.java:94)
	at org.testng.Assert.failNotEquals(Assert.java:513)
	at org.testng.Assert.assertTrue(Assert.java:42)
	at org.testng.Assert.assertTrue(Assert.java:52)
	at ChannelAutomation.Frontdesk.Login.FrontdeskLoginPage.SwitchBackToAdminWindow(FrontdeskLoginPage.java:20)
	at ChannelAutomation.Admin.Test.AdminLoginTest.LogoutFrotdeskBackToAdminWindow_TC_22(AdminLoginTest.java:406)
	at sun.reflect.NativeMethodAccessorImpl.invoke0(Native Method)
	at sun.reflect.NativeMethodAccessorImpl.invoke(Unknown Source)
	at sun.reflect.DelegatingMethodAccessorImpl.invoke(Unknown Source)
	at java.lang.reflect.Method.invoke(Unknown Source)
	at org.testng.internal.MethodInvocationHelper.invokeMethod(MethodInvocationHelper.java:86)
	at org.testng.internal.Invoker.invokeMethod(Invoker.java:643)
	at org.testng.internal.Invoker.invokeTestMethod(Invoker.java:820)
	at org.testng.internal.Invoker.invokeTestMethods(Invoker.java:1128)
	at org.testng.internal.TestMethodWorker.invokeTestMethods(TestMethodWorker.java:129)
	at org.testng.internal.TestMethodWorker.run(TestMethodWorker.java:112)
	at org.testng.TestRunner.privateRun(TestRunner.java:782)
	at org.testng.TestRunner.run(TestRunner.java:632)
	at org.testng.SuiteRunner.runTest(SuiteRunner.java:366)
	at org.testng.SuiteRunner.runSequentially(SuiteRunner.java:361)
	at org.testng.SuiteRunner.privateRun(SuiteRunner.java:319)
	at org.testng.SuiteRunner.run(SuiteRunner.java:268)
	at org.testng.SuiteRunnerWorker.runSuite(SuiteRunnerWorker.java:52)
	at org.testng.SuiteRunnerWorker.run(SuiteRunnerWorker.java:86)
	at org.testng.TestNG.runSuitesSequentially(TestNG.java:1244)
	at org.testng.TestNG.runSuitesLocally(TestNG.java:1169)
	at org.testng.TestNG.run(TestNG.java:1064)
	at org.testng.remote.AbstractRemoteTestNG.run(AbstractRemoteTestNG.java:132)
	at org.testng.remote.RemoteTestNG.initAndRun(RemoteTestNG.java:230)
	at org.testng.remote.RemoteTestNG.main(RemoteTestNG.java:76)
</pre></div></td>
<td>2</td>
<td>ChannelAutomation.Admin.Test.AdminLoginTest@6a4f787b</td></tr>
<tr>
<td title='ChannelAutomation.Admin.Test.AdminLoginTest.VerifyAllotmentUpdateInAdminConsole_TC_23()'><b>VerifyAllotmentUpdateInAdminConsole_TC_23</b><br>Test class: ChannelAutomation.Admin.Test.AdminLoginTest</td>
<td><div><pre>java.lang.AssertionError: expected [true] but found [false]
	at ChannelAutomation.Admin.Base.AdminHomePage.landOnOtherGDSPackage(AdminHomePage.java:44)
	at ChannelAutomation.Admin.Test.AdminLoginTest.VerifyAllotmentUpdateInAdminConsole_TC_23(AdminLoginTest.java:422)
... Removed 28 stack frames</pre></div><a href='#' onClick='toggleBox("stack-trace973843173", this, "Click to show all stack frames", "Click to hide stack frames")'>Click to show all stack frames</a>
<div class='stack-trace' id='stack-trace973843173'><pre>java.lang.AssertionError: expected [true] but found [false]
	at org.testng.Assert.fail(Assert.java:94)
	at org.testng.Assert.failNotEquals(Assert.java:513)
	at org.testng.Assert.assertTrue(Assert.java:42)
	at org.testng.Assert.assertTrue(Assert.java:52)
	at ChannelAutomation.Admin.Base.AdminHomePage.landOnOtherGDSPackage(AdminHomePage.java:44)
	at ChannelAutomation.Admin.Test.AdminLoginTest.VerifyAllotmentUpdateInAdminConsole_TC_23(AdminLoginTest.java:422)
	at sun.reflect.NativeMethodAccessorImpl.invoke0(Native Method)
	at sun.reflect.NativeMethodAccessorImpl.invoke(Unknown Source)
	at sun.reflect.DelegatingMethodAccessorImpl.invoke(Unknown Source)
	at java.lang.reflect.Method.invoke(Unknown Source)
	at org.testng.internal.MethodInvocationHelper.invokeMethod(MethodInvocationHelper.java:86)
	at org.testng.internal.Invoker.invokeMethod(Invoker.java:643)
	at org.testng.internal.Invoker.invokeTestMethod(Invoker.java:820)
	at org.testng.internal.Invoker.invokeTestMethods(Invoker.java:1128)
	at org.testng.internal.TestMethodWorker.invokeTestMethods(TestMethodWorker.java:129)
	at org.testng.internal.TestMethodWorker.run(TestMethodWorker.java:112)
	at org.testng.TestRunner.privateRun(TestRunner.java:782)
	at org.testng.TestRunner.run(TestRunner.java:632)
	at org.testng.SuiteRunner.runTest(SuiteRunner.java:366)
	at org.testng.SuiteRunner.runSequentially(SuiteRunner.java:361)
	at org.testng.SuiteRunner.privateRun(SuiteRunner.java:319)
	at org.testng.SuiteRunner.run(SuiteRunner.java:268)
	at org.testng.SuiteRunnerWorker.runSuite(SuiteRunnerWorker.java:52)
	at org.testng.SuiteRunnerWorker.run(SuiteRunnerWorker.java:86)
	at org.testng.TestNG.runSuitesSequentially(TestNG.java:1244)
	at org.testng.TestNG.runSuitesLocally(TestNG.java:1169)
	at org.testng.TestNG.run(TestNG.java:1064)
	at org.testng.remote.AbstractRemoteTestNG.run(AbstractRemoteTestNG.java:132)
	at org.testng.remote.RemoteTestNG.initAndRun(RemoteTestNG.java:230)
	at org.testng.remote.RemoteTestNG.main(RemoteTestNG.java:76)
</pre></div></td>
<td>1</td>
<td>ChannelAutomation.Admin.Test.AdminLoginTest@6a4f787b</td></tr>
<tr>
<td title='ChannelAutomation.Admin.Test.AdminLoginTest.VerifyResOnFrontdesk_TC_21()'><b>VerifyResOnFrontdesk_TC_21</b><br>Test class: ChannelAutomation.Admin.Test.AdminLoginTest</td>
<td><div><pre>java.lang.AssertionError: expected [true] but found [false]
	at ChannelAutomation.Frontdesk.TapeChart.ReservationViewDetailsPage.verifyReservation(ReservationViewDetailsPage.java:30)
	at ChannelAutomation.Admin.Test.AdminLoginTest.VerifyResOnFrontdesk_TC_21(AdminLoginTest.java:389)
... Removed 28 stack frames</pre></div><a href='#' onClick='toggleBox("stack-trace7829163", this, "Click to show all stack frames", "Click to hide stack frames")'>Click to show all stack frames</a>
<div class='stack-trace' id='stack-trace7829163'><pre>java.lang.AssertionError: expected [true] but found [false]
	at org.testng.Assert.fail(Assert.java:94)
	at org.testng.Assert.failNotEquals(Assert.java:513)
	at org.testng.Assert.assertTrue(Assert.java:42)
	at org.testng.Assert.assertTrue(Assert.java:52)
	at ChannelAutomation.Frontdesk.TapeChart.ReservationViewDetailsPage.verifyReservation(ReservationViewDetailsPage.java:30)
	at ChannelAutomation.Admin.Test.AdminLoginTest.VerifyResOnFrontdesk_TC_21(AdminLoginTest.java:389)
	at sun.reflect.NativeMethodAccessorImpl.invoke0(Native Method)
	at sun.reflect.NativeMethodAccessorImpl.invoke(Unknown Source)
	at sun.reflect.DelegatingMethodAccessorImpl.invoke(Unknown Source)
	at java.lang.reflect.Method.invoke(Unknown Source)
	at org.testng.internal.MethodInvocationHelper.invokeMethod(MethodInvocationHelper.java:86)
	at org.testng.internal.Invoker.invokeMethod(Invoker.java:643)
	at org.testng.internal.Invoker.invokeTestMethod(Invoker.java:820)
	at org.testng.internal.Invoker.invokeTestMethods(Invoker.java:1128)
	at org.testng.internal.TestMethodWorker.invokeTestMethods(TestMethodWorker.java:129)
	at org.testng.internal.TestMethodWorker.run(TestMethodWorker.java:112)
	at org.testng.TestRunner.privateRun(TestRunner.java:782)
	at org.testng.TestRunner.run(TestRunner.java:632)
	at org.testng.SuiteRunner.runTest(SuiteRunner.java:366)
	at org.testng.SuiteRunner.runSequentially(SuiteRunner.java:361)
	at org.testng.SuiteRunner.privateRun(SuiteRunner.java:319)
	at org.testng.SuiteRunner.run(SuiteRunner.java:268)
	at org.testng.SuiteRunnerWorker.runSuite(SuiteRunnerWorker.java:52)
	at org.testng.SuiteRunnerWorker.run(SuiteRunnerWorker.java:86)
	at org.testng.TestNG.runSuitesSequentially(TestNG.java:1244)
	at org.testng.TestNG.runSuitesLocally(TestNG.java:1169)
	at org.testng.TestNG.run(TestNG.java:1064)
	at org.testng.remote.AbstractRemoteTestNG.run(AbstractRemoteTestNG.java:132)
	at org.testng.remote.RemoteTestNG.initAndRun(RemoteTestNG.java:230)
	at org.testng.remote.RemoteTestNG.main(RemoteTestNG.java:76)
</pre></div></td>
<td>4</td>
<td>ChannelAutomation.Admin.Test.AdminLoginTest@6a4f787b</td></tr>
<tr>
<td title='ChannelAutomation.Admin.Test.AdminLoginTest.clickOnChannel_TC_12()'><b>clickOnChannel_TC_12</b><br>Test class: ChannelAutomation.Admin.Test.AdminLoginTest</td>
<td><div><pre>java.lang.AssertionError: expected [true] but found [false]
	at ChannelAutomation.Admin.VB.ListOfChannelsPage.clickOnChannelName(ListOfChannelsPage.java:22)
	at ChannelAutomation.Admin.Test.AdminLoginTest.clickOnChannel_TC_12(AdminLoginTest.java:216)
... Removed 28 stack frames</pre></div><a href='#' onClick='toggleBox("stack-trace1341706533", this, "Click to show all stack frames", "Click to hide stack frames")'>Click to show all stack frames</a>
<div class='stack-trace' id='stack-trace1341706533'><pre>java.lang.AssertionError: expected [true] but found [false]
	at org.testng.Assert.fail(Assert.java:94)
	at org.testng.Assert.failNotEquals(Assert.java:513)
	at org.testng.Assert.assertTrue(Assert.java:42)
	at org.testng.Assert.assertTrue(Assert.java:52)
	at ChannelAutomation.Admin.VB.ListOfChannelsPage.clickOnChannelName(ListOfChannelsPage.java:22)
	at ChannelAutomation.Admin.Test.AdminLoginTest.clickOnChannel_TC_12(AdminLoginTest.java:216)
	at sun.reflect.NativeMethodAccessorImpl.invoke0(Native Method)
	at sun.reflect.NativeMethodAccessorImpl.invoke(Unknown Source)
	at sun.reflect.DelegatingMethodAccessorImpl.invoke(Unknown Source)
	at java.lang.reflect.Method.invoke(Unknown Source)
	at org.testng.internal.MethodInvocationHelper.invokeMethod(MethodInvocationHelper.java:86)
	at org.testng.internal.Invoker.invokeMethod(Invoker.java:643)
	at org.testng.internal.Invoker.invokeTestMethod(Invoker.java:820)
	at org.testng.internal.Invoker.invokeTestMethods(Invoker.java:1128)
	at org.testng.internal.TestMethodWorker.invokeTestMethods(TestMethodWorker.java:129)
	at org.testng.internal.TestMethodWorker.run(TestMethodWorker.java:112)
	at org.testng.TestRunner.privateRun(TestRunner.java:782)
	at org.testng.TestRunner.run(TestRunner.java:632)
	at org.testng.SuiteRunner.runTest(SuiteRunner.java:366)
	at org.testng.SuiteRunner.runSequentially(SuiteRunner.java:361)
	at org.testng.SuiteRunner.privateRun(SuiteRunner.java:319)
	at org.testng.SuiteRunner.run(SuiteRunner.java:268)
	at org.testng.SuiteRunnerWorker.runSuite(SuiteRunnerWorker.java:52)
	at org.testng.SuiteRunnerWorker.run(SuiteRunnerWorker.java:86)
	at org.testng.TestNG.runSuitesSequentially(TestNG.java:1244)
	at org.testng.TestNG.runSuitesLocally(TestNG.java:1169)
	at org.testng.TestNG.run(TestNG.java:1064)
	at org.testng.remote.AbstractRemoteTestNG.run(AbstractRemoteTestNG.java:132)
	at org.testng.remote.RemoteTestNG.initAndRun(RemoteTestNG.java:230)
	at org.testng.remote.RemoteTestNG.main(RemoteTestNG.java:76)
</pre></div></td>
<td>0</td>
<td>ChannelAutomation.Admin.Test.AdminLoginTest@6a4f787b</td></tr>
<tr>
<td title='ChannelAutomation.Admin.Test.AdminLoginTest.clickOnEditPackage_TC_13()'><b>clickOnEditPackage_TC_13</b><br>Test class: ChannelAutomation.Admin.Test.AdminLoginTest</td>
<td><div><pre>java.lang.AssertionError: expected [true] but found [false]
	at ChannelAutomation.Admin.VB.ListofPackagesPage.clickOnEditPackage(ListofPackagesPage.java:30)
	at ChannelAutomation.Admin.Test.AdminLoginTest.clickOnEditPackage_TC_13(AdminLoginTest.java:228)
... Removed 28 stack frames</pre></div><a href='#' onClick='toggleBox("stack-trace872669868", this, "Click to show all stack frames", "Click to hide stack frames")'>Click to show all stack frames</a>
<div class='stack-trace' id='stack-trace872669868'><pre>java.lang.AssertionError: expected [true] but found [false]
	at org.testng.Assert.fail(Assert.java:94)
	at org.testng.Assert.failNotEquals(Assert.java:513)
	at org.testng.Assert.assertTrue(Assert.java:42)
	at org.testng.Assert.assertTrue(Assert.java:52)
	at ChannelAutomation.Admin.VB.ListofPackagesPage.clickOnEditPackage(ListofPackagesPage.java:30)
	at ChannelAutomation.Admin.Test.AdminLoginTest.clickOnEditPackage_TC_13(AdminLoginTest.java:228)
	at sun.reflect.NativeMethodAccessorImpl.invoke0(Native Method)
	at sun.reflect.NativeMethodAccessorImpl.invoke(Unknown Source)
	at sun.reflect.DelegatingMethodAccessorImpl.invoke(Unknown Source)
	at java.lang.reflect.Method.invoke(Unknown Source)
	at org.testng.internal.MethodInvocationHelper.invokeMethod(MethodInvocationHelper.java:86)
	at org.testng.internal.Invoker.invokeMethod(Invoker.java:643)
	at org.testng.internal.Invoker.invokeTestMethod(Invoker.java:820)
	at org.testng.internal.Invoker.invokeTestMethods(Invoker.java:1128)
	at org.testng.internal.TestMethodWorker.invokeTestMethods(TestMethodWorker.java:129)
	at org.testng.internal.TestMethodWorker.run(TestMethodWorker.java:112)
	at org.testng.TestRunner.privateRun(TestRunner.java:782)
	at org.testng.TestRunner.run(TestRunner.java:632)
	at org.testng.SuiteRunner.runTest(SuiteRunner.java:366)
	at org.testng.SuiteRunner.runSequentially(SuiteRunner.java:361)
	at org.testng.SuiteRunner.privateRun(SuiteRunner.java:319)
	at org.testng.SuiteRunner.run(SuiteRunner.java:268)
	at org.testng.SuiteRunnerWorker.runSuite(SuiteRunnerWorker.java:52)
	at org.testng.SuiteRunnerWorker.run(SuiteRunnerWorker.java:86)
	at org.testng.TestNG.runSuitesSequentially(TestNG.java:1244)
	at org.testng.TestNG.runSuitesLocally(TestNG.java:1169)
	at org.testng.TestNG.run(TestNG.java:1064)
	at org.testng.remote.AbstractRemoteTestNG.run(AbstractRemoteTestNG.java:132)
	at org.testng.remote.RemoteTestNG.initAndRun(RemoteTestNG.java:230)
	at org.testng.remote.RemoteTestNG.main(RemoteTestNG.java:76)
</pre></div></td>
<td>0</td>
<td>ChannelAutomation.Admin.Test.AdminLoginTest@6a4f787b</td></tr>
<tr>
<td title='ChannelAutomation.Admin.Test.AdminLoginTest.landOnAdminHome_TC_16()'><b>landOnAdminHome_TC_16</b><br>Test class: ChannelAutomation.Admin.Test.AdminLoginTest</td>
<td><div><pre>java.lang.AssertionError: expected [true] but found [false]
	at ChannelAutomation.Admin.VB.ListofPackagesPage.LandAdminHome(ListofPackagesPage.java:61)
	at ChannelAutomation.Admin.Test.AdminLoginTest.landOnAdminHome_TC_16(AdminLoginTest.java:276)
... Removed 28 stack frames</pre></div><a href='#' onClick='toggleBox("stack-trace1533985074", this, "Click to show all stack frames", "Click to hide stack frames")'>Click to show all stack frames</a>
<div class='stack-trace' id='stack-trace1533985074'><pre>java.lang.AssertionError: expected [true] but found [false]
	at org.testng.Assert.fail(Assert.java:94)
	at org.testng.Assert.failNotEquals(Assert.java:513)
	at org.testng.Assert.assertTrue(Assert.java:42)
	at org.testng.Assert.assertTrue(Assert.java:52)
	at ChannelAutomation.Admin.VB.ListofPackagesPage.LandAdminHome(ListofPackagesPage.java:61)
	at ChannelAutomation.Admin.Test.AdminLoginTest.landOnAdminHome_TC_16(AdminLoginTest.java:276)
	at sun.reflect.NativeMethodAccessorImpl.invoke0(Native Method)
	at sun.reflect.NativeMethodAccessorImpl.invoke(Unknown Source)
	at sun.reflect.DelegatingMethodAccessorImpl.invoke(Unknown Source)
	at java.lang.reflect.Method.invoke(Unknown Source)
	at org.testng.internal.MethodInvocationHelper.invokeMethod(MethodInvocationHelper.java:86)
	at org.testng.internal.Invoker.invokeMethod(Invoker.java:643)
	at org.testng.internal.Invoker.invokeTestMethod(Invoker.java:820)
	at org.testng.internal.Invoker.invokeTestMethods(Invoker.java:1128)
	at org.testng.internal.TestMethodWorker.invokeTestMethods(TestMethodWorker.java:129)
	at org.testng.internal.TestMethodWorker.run(TestMethodWorker.java:112)
	at org.testng.TestRunner.privateRun(TestRunner.java:782)
	at org.testng.TestRunner.run(TestRunner.java:632)
	at org.testng.SuiteRunner.runTest(SuiteRunner.java:366)
	at org.testng.SuiteRunner.runSequentially(SuiteRunner.java:361)
	at org.testng.SuiteRunner.privateRun(SuiteRunner.java:319)
	at org.testng.SuiteRunner.run(SuiteRunner.java:268)
	at org.testng.SuiteRunnerWorker.runSuite(SuiteRunnerWorker.java:52)
	at org.testng.SuiteRunnerWorker.run(SuiteRunnerWorker.java:86)
	at org.testng.TestNG.runSuitesSequentially(TestNG.java:1244)
	at org.testng.TestNG.runSuitesLocally(TestNG.java:1169)
	at org.testng.TestNG.run(TestNG.java:1064)
	at org.testng.remote.AbstractRemoteTestNG.run(AbstractRemoteTestNG.java:132)
	at org.testng.remote.RemoteTestNG.initAndRun(RemoteTestNG.java:230)
	at org.testng.remote.RemoteTestNG.main(RemoteTestNG.java:76)
</pre></div></td>
<td>0</td>
<td>ChannelAutomation.Admin.Test.AdminLoginTest@6a4f787b</td></tr>
<tr>
<td title='ChannelAutomation.Admin.Test.AdminLoginTest.landOnAdminHome_TC_18()'><b>landOnAdminHome_TC_18</b><br>Test class: ChannelAutomation.Admin.Test.AdminLoginTest</td>
<td><div><pre>java.lang.AssertionError: expected [true] but found [false]
	at ChannelAutomation.Admin.VB.ListofPackagesPage.LandAdminHome(ListofPackagesPage.java:61)
	at ChannelAutomation.Admin.Test.AdminLoginTest.landOnAdminHome_TC_18(AdminLoginTest.java:325)
... Removed 28 stack frames</pre></div><a href='#' onClick='toggleBox("stack-trace2089589253", this, "Click to show all stack frames", "Click to hide stack frames")'>Click to show all stack frames</a>
<div class='stack-trace' id='stack-trace2089589253'><pre>java.lang.AssertionError: expected [true] but found [false]
	at org.testng.Assert.fail(Assert.java:94)
	at org.testng.Assert.failNotEquals(Assert.java:513)
	at org.testng.Assert.assertTrue(Assert.java:42)
	at org.testng.Assert.assertTrue(Assert.java:52)
	at ChannelAutomation.Admin.VB.ListofPackagesPage.LandAdminHome(ListofPackagesPage.java:61)
	at ChannelAutomation.Admin.Test.AdminLoginTest.landOnAdminHome_TC_18(AdminLoginTest.java:325)
	at sun.reflect.NativeMethodAccessorImpl.invoke0(Native Method)
	at sun.reflect.NativeMethodAccessorImpl.invoke(Unknown Source)
	at sun.reflect.DelegatingMethodAccessorImpl.invoke(Unknown Source)
	at java.lang.reflect.Method.invoke(Unknown Source)
	at org.testng.internal.MethodInvocationHelper.invokeMethod(MethodInvocationHelper.java:86)
	at org.testng.internal.Invoker.invokeMethod(Invoker.java:643)
	at org.testng.internal.Invoker.invokeTestMethod(Invoker.java:820)
	at org.testng.internal.Invoker.invokeTestMethods(Invoker.java:1128)
	at org.testng.internal.TestMethodWorker.invokeTestMethods(TestMethodWorker.java:129)
	at org.testng.internal.TestMethodWorker.run(TestMethodWorker.java:112)
	at org.testng.TestRunner.privateRun(TestRunner.java:782)
	at org.testng.TestRunner.run(TestRunner.java:632)
	at org.testng.SuiteRunner.runTest(SuiteRunner.java:366)
	at org.testng.SuiteRunner.runSequentially(SuiteRunner.java:361)
	at org.testng.SuiteRunner.privateRun(SuiteRunner.java:319)
	at org.testng.SuiteRunner.run(SuiteRunner.java:268)
	at org.testng.SuiteRunnerWorker.runSuite(SuiteRunnerWorker.java:52)
	at org.testng.SuiteRunnerWorker.run(SuiteRunnerWorker.java:86)
	at org.testng.TestNG.runSuitesSequentially(TestNG.java:1244)
	at org.testng.TestNG.runSuitesLocally(TestNG.java:1169)
	at org.testng.TestNG.run(TestNG.java:1064)
	at org.testng.remote.AbstractRemoteTestNG.run(AbstractRemoteTestNG.java:132)
	at org.testng.remote.RemoteTestNG.initAndRun(RemoteTestNG.java:230)
	at org.testng.remote.RemoteTestNG.main(RemoteTestNG.java:76)
</pre></div></td>
<td>0</td>
<td>ChannelAutomation.Admin.Test.AdminLoginTest@6a4f787b</td></tr>
<tr>
<td title='ChannelAutomation.Admin.Test.AdminLoginTest.landOnAdminHome_TC_24()'><b>landOnAdminHome_TC_24</b><br>Test class: ChannelAutomation.Admin.Test.AdminLoginTest</td>
<td><div><pre>java.lang.AssertionError: expected [true] but found [false]
	at ChannelAutomation.Admin.VB.ListofPackagesPage.LandAdminHome(ListofPackagesPage.java:61)
	at ChannelAutomation.Admin.Test.AdminLoginTest.landOnAdminHome_TC_24(AdminLoginTest.java:466)
... Removed 28 stack frames</pre></div><a href='#' onClick='toggleBox("stack-trace680988889", this, "Click to show all stack frames", "Click to hide stack frames")'>Click to show all stack frames</a>
<div class='stack-trace' id='stack-trace680988889'><pre>java.lang.AssertionError: expected [true] but found [false]
	at org.testng.Assert.fail(Assert.java:94)
	at org.testng.Assert.failNotEquals(Assert.java:513)
	at org.testng.Assert.assertTrue(Assert.java:42)
	at org.testng.Assert.assertTrue(Assert.java:52)
	at ChannelAutomation.Admin.VB.ListofPackagesPage.LandAdminHome(ListofPackagesPage.java:61)
	at ChannelAutomation.Admin.Test.AdminLoginTest.landOnAdminHome_TC_24(AdminLoginTest.java:466)
	at sun.reflect.NativeMethodAccessorImpl.invoke0(Native Method)
	at sun.reflect.NativeMethodAccessorImpl.invoke(Unknown Source)
	at sun.reflect.DelegatingMethodAccessorImpl.invoke(Unknown Source)
	at java.lang.reflect.Method.invoke(Unknown Source)
	at org.testng.internal.MethodInvocationHelper.invokeMethod(MethodInvocationHelper.java:86)
	at org.testng.internal.Invoker.invokeMethod(Invoker.java:643)
	at org.testng.internal.Invoker.invokeTestMethod(Invoker.java:820)
	at org.testng.internal.Invoker.invokeTestMethods(Invoker.java:1128)
	at org.testng.internal.TestMethodWorker.invokeTestMethods(TestMethodWorker.java:129)
	at org.testng.internal.TestMethodWorker.run(TestMethodWorker.java:112)
	at org.testng.TestRunner.privateRun(TestRunner.java:782)
	at org.testng.TestRunner.run(TestRunner.java:632)
	at org.testng.SuiteRunner.runTest(SuiteRunner.java:366)
	at org.testng.SuiteRunner.runSequentially(SuiteRunner.java:361)
	at org.testng.SuiteRunner.privateRun(SuiteRunner.java:319)
	at org.testng.SuiteRunner.run(SuiteRunner.java:268)
	at org.testng.SuiteRunnerWorker.runSuite(SuiteRunnerWorker.java:52)
	at org.testng.SuiteRunnerWorker.run(SuiteRunnerWorker.java:86)
	at org.testng.TestNG.runSuitesSequentially(TestNG.java:1244)
	at org.testng.TestNG.runSuitesLocally(TestNG.java:1169)
	at org.testng.TestNG.run(TestNG.java:1064)
	at org.testng.remote.AbstractRemoteTestNG.run(AbstractRemoteTestNG.java:132)
	at org.testng.remote.RemoteTestNG.initAndRun(RemoteTestNG.java:230)
	at org.testng.remote.RemoteTestNG.main(RemoteTestNG.java:76)
</pre></div></td>
<td>0</td>
<td>ChannelAutomation.Admin.Test.AdminLoginTest@6a4f787b</td></tr>
<tr>
<td title='ChannelAutomation.Admin.Test.AdminLoginTest.sendRatesOnChannel_TC_14()'><b>sendRatesOnChannel_TC_14</b><br>Test class: ChannelAutomation.Admin.Test.AdminLoginTest</td>
<td><div><pre>java.lang.AssertionError: expected [true] but found [false]
	at ChannelAutomation.Admin.VB.PackageRate.save(PackageRate.java:122)
	at ChannelAutomation.Admin.Test.AdminLoginTest.sendRatesOnChannel_TC_14(AdminLoginTest.java:246)
... Removed 28 stack frames</pre></div><a href='#' onClick='toggleBox("stack-trace189207010", this, "Click to show all stack frames", "Click to hide stack frames")'>Click to show all stack frames</a>
<div class='stack-trace' id='stack-trace189207010'><pre>java.lang.AssertionError: expected [true] but found [false]
	at org.testng.Assert.fail(Assert.java:94)
	at org.testng.Assert.failNotEquals(Assert.java:513)
	at org.testng.Assert.assertTrue(Assert.java:42)
	at org.testng.Assert.assertTrue(Assert.java:52)
	at ChannelAutomation.Admin.VB.PackageRate.save(PackageRate.java:122)
	at ChannelAutomation.Admin.Test.AdminLoginTest.sendRatesOnChannel_TC_14(AdminLoginTest.java:246)
	at sun.reflect.NativeMethodAccessorImpl.invoke0(Native Method)
	at sun.reflect.NativeMethodAccessorImpl.invoke(Unknown Source)
	at sun.reflect.DelegatingMethodAccessorImpl.invoke(Unknown Source)
	at java.lang.reflect.Method.invoke(Unknown Source)
	at org.testng.internal.MethodInvocationHelper.invokeMethod(MethodInvocationHelper.java:86)
	at org.testng.internal.Invoker.invokeMethod(Invoker.java:643)
	at org.testng.internal.Invoker.invokeTestMethod(Invoker.java:820)
	at org.testng.internal.Invoker.invokeTestMethods(Invoker.java:1128)
	at org.testng.internal.TestMethodWorker.invokeTestMethods(TestMethodWorker.java:129)
	at org.testng.internal.TestMethodWorker.run(TestMethodWorker.java:112)
	at org.testng.TestRunner.privateRun(TestRunner.java:782)
	at org.testng.TestRunner.run(TestRunner.java:632)
	at org.testng.SuiteRunner.runTest(SuiteRunner.java:366)
	at org.testng.SuiteRunner.runSequentially(SuiteRunner.java:361)
	at org.testng.SuiteRunner.privateRun(SuiteRunner.java:319)
	at org.testng.SuiteRunner.run(SuiteRunner.java:268)
	at org.testng.SuiteRunnerWorker.runSuite(SuiteRunnerWorker.java:52)
	at org.testng.SuiteRunnerWorker.run(SuiteRunnerWorker.java:86)
	at org.testng.TestNG.runSuitesSequentially(TestNG.java:1244)
	at org.testng.TestNG.runSuitesLocally(TestNG.java:1169)
	at org.testng.TestNG.run(TestNG.java:1064)
	at org.testng.remote.AbstractRemoteTestNG.run(AbstractRemoteTestNG.java:132)
	at org.testng.remote.RemoteTestNG.initAndRun(RemoteTestNG.java:230)
	at org.testng.remote.RemoteTestNG.main(RemoteTestNG.java:76)
</pre></div></td>
<td>80</td>
>>>>>>> branch 'master' of https://github.com/dinhotelogix/ChannelAutomation.git
<td>ChannelAutomation.Admin.Test.AdminLoginTest@6a4f787b</td></tr>
</table><p>
<table width='100%' border='1' class='invocation-passed'>
<tr><td colspan='4' align='center'><b>PASSED TESTS</b></td></tr>
<tr><td><b>Test method</b></td>
<td width="30%"><b>Exception</b></td>
<td width="10%"><b>Time (seconds)</b></td>
<td><b>Instance</b></td>
</tr>
<tr>
<td title='ChannelAutomation.Admin.Test.AdminLoginTest.AdminLogin_TC_1()'><b>AdminLogin_TC_1</b><br>Test class: ChannelAutomation.Admin.Test.AdminLoginTest</td>
<td></td>
<<<<<<< HEAD
<td>152</td>
=======
<td>39</td>
<td>ChannelAutomation.Admin.Test.AdminLoginTest@6a4f787b</td></tr>
<tr>
<td title='ChannelAutomation.Admin.Test.AdminLoginTest.SendRulesonChannel_TC_8()'><b>SendRulesonChannel_TC_8</b><br>Test class: ChannelAutomation.Admin.Test.AdminLoginTest</td>
<td></td>
<td>372</td>
>>>>>>> branch 'master' of https://github.com/dinhotelogix/ChannelAutomation.git
<td>ChannelAutomation.Admin.Test.AdminLoginTest@6a4f787b</td></tr>
<tr>
<td title='ChannelAutomation.Admin.Test.AdminLoginTest.backToAdminHomePagel_TC_15()'><b>backToAdminHomePagel_TC_15</b><br>Test class: ChannelAutomation.Admin.Test.AdminLoginTest</td>
<td></td>
<td>0</td>
<td>ChannelAutomation.Admin.Test.AdminLoginTest@6a4f787b</td></tr>
<tr>
<<<<<<< HEAD
<td title='ChannelAutomation.Admin.Test.AdminLoginTest.clickOnChannel_TC_12()'><b>clickOnChannel_TC_12</b><br>Test class: ChannelAutomation.Admin.Test.AdminLoginTest</td>
<td></td>
<td>3</td>
<td>ChannelAutomation.Admin.Test.AdminLoginTest@6a4f787b</td></tr>
<tr>
<td title='ChannelAutomation.Admin.Test.AdminLoginTest.clickOnEditPackage_TC_13()'><b>clickOnEditPackage_TC_13</b><br>Test class: ChannelAutomation.Admin.Test.AdminLoginTest</td>
<td></td>
<td>4</td>
<td>ChannelAutomation.Admin.Test.AdminLoginTest@6a4f787b</td></tr>
<tr>
<td title='ChannelAutomation.Admin.Test.AdminLoginTest.landOnAdminHome_TC_16()'><b>landOnAdminHome_TC_16</b><br>Test class: ChannelAutomation.Admin.Test.AdminLoginTest</td>
<td></td>
<td>8</td>
<td>ChannelAutomation.Admin.Test.AdminLoginTest@6a4f787b</td></tr>
<tr>
<td title='ChannelAutomation.Admin.Test.AdminLoginTest.landOnAdminHome_TC_5()'><b>landOnAdminHome_TC_5</b><br>Test class: ChannelAutomation.Admin.Test.AdminLoginTest</td>
<td></td>
<td>1</td>
<td>ChannelAutomation.Admin.Test.AdminLoginTest@6a4f787b</td></tr>
<tr>
<td title='ChannelAutomation.Admin.Test.AdminLoginTest.landOnAdminHome_TC_9()'><b>landOnAdminHome_TC_9</b><br>Test class: ChannelAutomation.Admin.Test.AdminLoginTest</td>
<td></td>
<td>6</td>
<td>ChannelAutomation.Admin.Test.AdminLoginTest@6a4f787b</td></tr>
<tr>
<td title='ChannelAutomation.Admin.Test.AdminLoginTest.landOnAllotmentMatrix_TC_3()'><b>landOnAllotmentMatrix_TC_3</b><br>Test class: ChannelAutomation.Admin.Test.AdminLoginTest</td>
<td></td>
<td>9</td>
<td>ChannelAutomation.Admin.Test.AdminLoginTest@6a4f787b</td></tr>
<tr>
<td title='ChannelAutomation.Admin.Test.AdminLoginTest.landOnAllotmentMatrix_TC_7()'><b>landOnAllotmentMatrix_TC_7</b><br>Test class: ChannelAutomation.Admin.Test.AdminLoginTest</td>
<td></td>
<td>6</td>
<td>ChannelAutomation.Admin.Test.AdminLoginTest@6a4f787b</td></tr>
<tr>
<td title='ChannelAutomation.Admin.Test.AdminLoginTest.landOnListOfGDSPage_TC_10()'><b>landOnListOfGDSPage_TC_10</b><br>Test class: ChannelAutomation.Admin.Test.AdminLoginTest</td>
<td></td>
<td>5</td>
<td>ChannelAutomation.Admin.Test.AdminLoginTest@6a4f787b</td></tr>
<tr>
<td title='ChannelAutomation.Admin.Test.AdminLoginTest.landOnListOfGDSPage_TC_2()'><b>landOnListOfGDSPage_TC_2</b><br>Test class: ChannelAutomation.Admin.Test.AdminLoginTest</td>
<td></td>
<td>2</td>
<td>ChannelAutomation.Admin.Test.AdminLoginTest@6a4f787b</td></tr>
<tr>
<td title='ChannelAutomation.Admin.Test.AdminLoginTest.landOnListOfGDSPage_TC_6()'><b>landOnListOfGDSPage_TC_6</b><br>Test class: ChannelAutomation.Admin.Test.AdminLoginTest</td>
<td></td>
<td>2</td>
<td>ChannelAutomation.Admin.Test.AdminLoginTest@6a4f787b</td></tr>
<tr>
<td title='ChannelAutomation.Admin.Test.AdminLoginTest.landOnListofChannels_TC_11()'><b>landOnListofChannels_TC_11</b><br>Test class: ChannelAutomation.Admin.Test.AdminLoginTest</td>
=======
<td title='ChannelAutomation.Admin.Test.AdminLoginTest.landOnAdminHome_TC_5()'><b>landOnAdminHome_TC_5</b><br>Test class: ChannelAutomation.Admin.Test.AdminLoginTest</td>
>>>>>>> branch 'master' of https://github.com/dinhotelogix/ChannelAutomation.git
<td></td>
<td>2</td>
<td>ChannelAutomation.Admin.Test.AdminLoginTest@6a4f787b</td></tr>
<tr>
<<<<<<< HEAD
<td title='ChannelAutomation.Admin.Test.AdminLoginTest.logoutAdmin_TC_17()'><b>logoutAdmin_TC_17</b><br>Test class: ChannelAutomation.Admin.Test.AdminLoginTest</td>
=======
<td title='ChannelAutomation.Admin.Test.AdminLoginTest.landOnAdminHome_TC_9()'><b>landOnAdminHome_TC_9</b><br>Test class: ChannelAutomation.Admin.Test.AdminLoginTest</td>
>>>>>>> branch 'master' of https://github.com/dinhotelogix/ChannelAutomation.git
<td></td>
<<<<<<< HEAD
<td>5</td>
<td>ChannelAutomation.Admin.Test.AdminLoginTest@6a4f787b</td></tr>
<tr>
<td title='ChannelAutomation.Admin.Test.AdminLoginTest.saveAlotments_TC_4()'><b>saveAlotments_TC_4</b><br>Test class: ChannelAutomation.Admin.Test.AdminLoginTest</td>
<td></td>
<td>14</td>
=======
<td>0</td>
<td>ChannelAutomation.Admin.Test.AdminLoginTest@6a4f787b</td></tr>
<tr>
<td title='ChannelAutomation.Admin.Test.AdminLoginTest.landOnAllotmentMatrix_TC_3()'><b>landOnAllotmentMatrix_TC_3</b><br>Test class: ChannelAutomation.Admin.Test.AdminLoginTest</td>
<td></td>
<td>7</td>
<td>ChannelAutomation.Admin.Test.AdminLoginTest@6a4f787b</td></tr>
<tr>
<td title='ChannelAutomation.Admin.Test.AdminLoginTest.landOnAllotmentMatrix_TC_7()'><b>landOnAllotmentMatrix_TC_7</b><br>Test class: ChannelAutomation.Admin.Test.AdminLoginTest</td>
<td></td>
<td>6</td>
<td>ChannelAutomation.Admin.Test.AdminLoginTest@6a4f787b</td></tr>
<tr>
<td title='ChannelAutomation.Admin.Test.AdminLoginTest.landOnListOfGDSPage_TC_2()'><b>landOnListOfGDSPage_TC_2</b><br>Test class: ChannelAutomation.Admin.Test.AdminLoginTest</td>
<td></td>
<td>4</td>
<td>ChannelAutomation.Admin.Test.AdminLoginTest@6a4f787b</td></tr>
<tr>
<td title='ChannelAutomation.Admin.Test.AdminLoginTest.landOnListOfGDSPage_TC_6()'><b>landOnListOfGDSPage_TC_6</b><br>Test class: ChannelAutomation.Admin.Test.AdminLoginTest</td>
<td></td>
<td>7</td>
<td>ChannelAutomation.Admin.Test.AdminLoginTest@6a4f787b</td></tr>
<tr>
<td title='ChannelAutomation.Admin.Test.AdminLoginTest.pushbooking_TC_19()'><b>pushbooking_TC_19</b><br>Test class: ChannelAutomation.Admin.Test.AdminLoginTest</td>
<td></td>
<td>1</td>
<td>ChannelAutomation.Admin.Test.AdminLoginTest@6a4f787b</td></tr>
<tr>
<td title='ChannelAutomation.Admin.Test.AdminLoginTest.saveAlotments_TC_4()'><b>saveAlotments_TC_4</b><br>Test class: ChannelAutomation.Admin.Test.AdminLoginTest</td>
<td></td>
<td>111</td>
>>>>>>> branch 'master' of https://github.com/dinhotelogix/ChannelAutomation.git
<td>ChannelAutomation.Admin.Test.AdminLoginTest@6a4f787b</td></tr>
</table><p>
</body>
</html>